SET_PARAMETER uart_tx_interrupt false
SET_PARAMETER pit4_prescaler None
SET_PARAMETER gpi3_interrupt false
SET_PARAMETER freq 100.0
SET_PARAMETER uart_baudrate 9600
SET_PARAMETER pit1_readable true
SET_PARAMETER gpo1_init 0x00000000
SET_PARAMETER uart_rx_interrupt false
SET_PARAMETER gpi4_size 32
SET_PARAMETER fit2_interrupt false
SET_PARAMETER uart_prog_baudrate false
SET_PARAMETER intc_positive 0xFFFF
SET_PARAMETER gpi4_interrupt false
SET_PARAMETER trace false
SET_PARAMETER fit3_interrupt false
SET_PARAMETER pit1_size 32
SET_PARAMETER use_io_bus true
SET_PARAMETER use_gpi1 false
SET_PARAMETER use_gpi2 false
SET_PARAMETER use_gpi3 false
SET_PARAMETER use_gpi4 false
SET_PARAMETER jtag_chain USER2
SET_PARAMETER fit1_no_clocks 6216
SET_PARAMETER gpo1_size 32
SET_PARAMETER gpo2_init 0x00000000
SET_PARAMETER fit4_interrupt false
SET_PARAMETER uart_data_bits 8
SET_PARAMETER fit2_no_clocks 6216
SET_PARAMETER use_gpo1 false
SET_PARAMETER use_gpo2 false
SET_PARAMETER use_gpo3 false
SET_PARAMETER use_gpo4 false
SET_PARAMETER intc_level_edge 0x0000
SET_PARAMETER pit2_size 32
SET_PARAMETER debug_enabled false
SET_PARAMETER use_pit1 false
SET_PARAMETER use_pit2 false
SET_PARAMETER use_pit3 false
SET_PARAMETER use_pit4 false
SET_PARAMETER fit3_no_clocks 6216
SET_PARAMETER gpo2_size 32
SET_PARAMETER gpo3_init 0x00000000
SET_PARAMETER pit4_readable true
SET_PARAMETER gpi1_size 32
SET_PARAMETER intc_intr_size 1
SET_PARAMETER fit4_no_clocks 6216
SET_PARAMETER microblaze_instance microblaze_mcs_v1_3
SET_PARAMETER pit3_size 32
SET_PARAMETER pit1_interrupt false
SET_PARAMETER memsize 64KB
SET_PARAMETER use_uart_rx false
SET_PARAMETER gpo3_size 32
SET_PARAMETER gpo4_init 0x00000000
SET_PARAMETER path mcs_0
SET_PARAMETER uart_error_interrupt false
SET_PARAMETER component_name microblaze_mcs_v1_3
SET_PARAMETER pit2_interrupt false
SET_PARAMETER use_uart_tx false
SET_PARAMETER pit3_readable true
SET_PARAMETER gpi2_size 32
SET_PARAMETER pit1_prescaler None
SET_PARAMETER pit4_size 32
SET_PARAMETER pit3_interrupt false
SET_PARAMETER uart_odd_parity Even
SET_PARAMETER gpo4_size 32
SET_PARAMETER pit2_prescaler None
SET_PARAMETER gpi1_interrupt false
SET_PARAMETER pit4_interrupt false
SET_PARAMETER pit2_readable true
SET_PARAMETER gpi3_size 32
SET_PARAMETER intc_use_ext_intr false
SET_PARAMETER use_fit1 false
SET_PARAMETER use_fit2 false
SET_PARAMETER use_fit3 false
SET_PARAMETER use_fit4 false
SET_PARAMETER gpi2_interrupt false
SET_PARAMETER pit3_prescaler None
SET_PARAMETER uart_use_parity false
SET_PARAMETER fit1_interrupt false
SET_ERROR_CODE 2
SET_ERROR_MSG  CANCEL: Customization cancelled.
SET_ERROR_TEXT Finished initializing IP model.	
